<?xml version="1.0" encoding="UTF-8"?>
<testsuite name="com.fiap.hospitalidade.ClienteServiceTest" tests="6" skipped="0" failures="0" errors="0" timestamp="2024-03-15T01:28:11" hostname="DESKTOP-INBNJK1" time="1.749">
  <properties/>
  <testcase name="atualizar_DeveRetornarClienteAtualizado()" classname="com.fiap.hospitalidade.ClienteServiceTest" time="1.72"/>
  <testcase name="salvar_DeveRetornarClienteSalvo()" classname="com.fiap.hospitalidade.ClienteServiceTest" time="0.005"/>
  <testcase name="buscarPorId_DeveRetornarNullQuandoClienteNaoExistir()" classname="com.fiap.hospitalidade.ClienteServiceTest" time="0.005"/>
  <testcase name="buscarPorId_DeveRetornarClienteExistente()" classname="com.fiap.hospitalidade.ClienteServiceTest" time="0.004"/>
  <testcase name="deletar_DeveChamarMetodoDeleteById()" classname="com.fiap.hospitalidade.ClienteServiceTest" time="0.002"/>
  <testcase name="buscarTodos_DeveRetornarListaDeClientes()" classname="com.fiap.hospitalidade.ClienteServiceTest" time="0.002"/>
  <system-out><![CDATA[]]></system-out>
  <system-err><![CDATA[WARNING: A Java agent has been loaded dynamically (C:\Users\becab\.gradle\caches\modules-2\files-2.1\net.bytebuddy\byte-buddy-agent\1.14.12\be4984cb6fd1ef1d11f218a648889dfda44b8a15\byte-buddy-agent-1.14.12.jar)
WARNING: If a serviceability tool is in use, please run with -XX:+EnableDynamicAgentLoading to hide this warning
WARNING: If a serviceability tool is not in use, please run with -Djdk.instrument.traceUsage for more information
WARNING: Dynamic loading of agents will be disallowed by default in a future release
]]></system-err>
</testsuite>
